This file contains any messages produced by compilers while
running configure, to aid debugging if configure makes a mistake.

It was created by libusbx configure 1.0.9, which was
generated by GNU Autoconf 2.68.  Invocation command line was

  $ ./configure 

## --------- ##
## Platform. ##
## --------- ##

hostname = lo52tp-VirtualBox
uname -m = x86_64
uname -r = 3.13.0-63-generic
uname -s = Linux
uname -v = #104~precise1-Ubuntu SMP Tue Aug 18 17:03:03 UTC 2015

/usr/bin/uname -p = unknown
/bin/uname -X     = unknown

/bin/arch              = unknown
/usr/bin/arch -k       = unknown
/usr/convex/getsysinfo = unknown
/usr/bin/hostinfo      = unknown
/bin/machine           = unknown
/usr/bin/oslevel       = unknown
/bin/universe          = unknown

PATH: /usr/lib/lightdm/lightdm
PATH: /usr/local/sbin
PATH: /usr/local/bin
PATH: /usr/sbin
PATH: /usr/bin
PATH: /sbin
PATH: /bin
PATH: /usr/games


## ----------- ##
## Core tests. ##
## ----------- ##

configure:2376: checking for a BSD-compatible install
configure:2444: result: /usr/bin/install -c
configure:2455: checking whether build environment is sane
configure:2505: result: yes
configure:2646: checking for a thread-safe mkdir -p
configure:2685: result: /bin/mkdir -p
configure:2698: checking for gawk
configure:2728: result: no
configure:2698: checking for mawk
configure:2714: found /usr/bin/mawk
configure:2725: result: mawk
configure:2736: checking whether make sets $(MAKE)
configure:2758: result: yes
configure:2839: checking whether to enable maintainer-specific portions of Makefiles
configure:2848: result: no
configure:2928: checking for gcc
configure:2944: found /usr/bin/gcc
configure:2955: result: gcc
configure:3184: checking for C compiler version
configure:3193: gcc --version >&5
gcc (Ubuntu/Linaro 4.6.3-1ubuntu5) 4.6.3
Copyright (C) 2011 Free Software Foundation, Inc.
This is free software; see the source for copying conditions.  There is NO
warranty; not even for MERCHANTABILITY or FITNESS FOR A PARTICULAR PURPOSE.

configure:3204: $? = 0
configure:3193: gcc -v >&5
Using built-in specs.
COLLECT_GCC=gcc
COLLECT_LTO_WRAPPER=/usr/lib/gcc/x86_64-linux-gnu/4.6/lto-wrapper
Target: x86_64-linux-gnu
Configured with: ../src/configure -v --with-pkgversion='Ubuntu/Linaro 4.6.3-1ubuntu5' --with-bugurl=file:///usr/share/doc/gcc-4.6/README.Bugs --enable-languages=c,c++,fortran,objc,obj-c++ --prefix=/usr --program-suffix=-4.6 --enable-shared --enable-linker-build-id --with-system-zlib --libexecdir=/usr/lib --without-included-gettext --enable-threads=posix --with-gxx-include-dir=/usr/include/c++/4.6 --libdir=/usr/lib --enable-nls --with-sysroot=/ --enable-clocale=gnu --enable-libstdcxx-debug --enable-libstdcxx-time=yes --enable-gnu-unique-object --enable-plugin --enable-objc-gc --disable-werror --with-arch-32=i686 --with-tune=generic --enable-checking=release --build=x86_64-linux-gnu --host=x86_64-linux-gnu --target=x86_64-linux-gnu
Thread model: posix
gcc version 4.6.3 (Ubuntu/Linaro 4.6.3-1ubuntu5) 
configure:3204: $? = 0
configure:3193: gcc -V >&5
gcc: error: unrecognized option '-V'
gcc: fatal error: no input files
compilation terminated.
configure:3204: $? = 4
configure:3193: gcc -qversion >&5
gcc: error: unrecognized option '-qversion'
gcc: fatal error: no input files
compilation terminated.
configure:3204: $? = 4
configure:3224: checking whether the C compiler works
configure:3246: gcc    conftest.c  >&5
configure:3250: $? = 0
configure:3298: result: yes
configure:3301: checking for C compiler default output file name
configure:3303: result: a.out
configure:3309: checking for suffix of executables
configure:3316: gcc -o conftest    conftest.c  >&5
configure:3320: $? = 0
configure:3342: result: 
configure:3364: checking whether we are cross compiling
configure:3372: gcc -o conftest    conftest.c  >&5
configure:3376: $? = 0
configure:3383: ./conftest
configure:3387: $? = 0
configure:3402: result: no
configure:3407: checking for suffix of object files
configure:3429: gcc -c   conftest.c >&5
configure:3433: $? = 0
configure:3454: result: o
configure:3458: checking whether we are using the GNU C compiler
configure:3477: gcc -c   conftest.c >&5
configure:3477: $? = 0
configure:3486: result: yes
configure:3495: checking whether gcc accepts -g
configure:3515: gcc -c -g  conftest.c >&5
configure:3515: $? = 0
configure:3556: result: yes
configure:3573: checking for gcc option to accept ISO C89
configure:3637: gcc  -c -g -O2  conftest.c >&5
configure:3637: $? = 0
configure:3650: result: none needed
configure:3681: checking for style of include used by make
configure:3709: result: GNU
configure:3734: checking dependency style of gcc
configure:3844: result: gcc3
configure:3888: checking build system type
configure:3902: result: x86_64-unknown-linux-gnu
configure:3922: checking host system type
configure:3935: result: x86_64-unknown-linux-gnu
configure:3976: checking how to print strings
configure:4003: result: printf
configure:4024: checking for a sed that does not truncate output
configure:4088: result: /bin/sed
configure:4106: checking for grep that handles long lines and -e
configure:4164: result: /bin/grep
configure:4169: checking for egrep
configure:4231: result: /bin/grep -E
configure:4236: checking for fgrep
configure:4298: result: /bin/grep -F
configure:4333: checking for ld used by gcc
configure:4400: result: /usr/bin/ld
configure:4407: checking if the linker (/usr/bin/ld) is GNU ld
configure:4422: result: yes
configure:4434: checking for BSD- or MS-compatible name lister (nm)
configure:4483: result: /usr/bin/nm -B
configure:4613: checking the name lister (/usr/bin/nm -B) interface
configure:4620: gcc -c -g -O2  conftest.c >&5
configure:4623: /usr/bin/nm -B "conftest.o"
configure:4626: output
0000000000000000 B some_variable
configure:4633: result: BSD nm
configure:4636: checking whether ln -s works
configure:4640: result: yes
configure:4648: checking the maximum length of command line arguments
configure:4773: result: 1572864
configure:4790: checking whether the shell understands some XSI constructs
configure:4800: result: yes
configure:4804: checking whether the shell understands "+="
configure:4810: result: yes
configure:4845: checking how to convert x86_64-unknown-linux-gnu file names to x86_64-unknown-linux-gnu format
configure:4885: result: func_convert_file_noop
configure:4892: checking how to convert x86_64-unknown-linux-gnu file names to toolchain format
configure:4912: result: func_convert_file_noop
configure:4919: checking for /usr/bin/ld option to reload object files
configure:4926: result: -r
configure:5000: checking for objdump
configure:5016: found /usr/bin/objdump
configure:5027: result: objdump
configure:5059: checking how to recognize dependent libraries
configure:5261: result: pass_all
configure:5346: checking for dlltool
configure:5376: result: no
configure:5406: checking how to associate runtime and link libraries
configure:5433: result: printf %s\n
configure:5494: checking for ar
configure:5510: found /usr/bin/ar
configure:5521: result: ar
configure:5558: checking for archiver @FILE support
configure:5575: gcc -c -g -O2  conftest.c >&5
configure:5575: $? = 0
configure:5578: ar cru libconftest.a @conftest.lst >&5
configure:5581: $? = 0
configure:5586: ar cru libconftest.a @conftest.lst >&5
ar: conftest.o: No such file or directory
configure:5589: $? = 1
configure:5601: result: @
configure:5659: checking for strip
configure:5675: found /usr/bin/strip
configure:5686: result: strip
configure:5758: checking for ranlib
configure:5774: found /usr/bin/ranlib
configure:5785: result: ranlib
configure:5887: checking command to parse /usr/bin/nm -B output from gcc object
configure:6006: gcc -c -g -O2  conftest.c >&5
configure:6009: $? = 0
configure:6013: /usr/bin/nm -B conftest.o \| sed -n -e 's/^.*[ ]\([ABCDGIRSTW][ABCDGIRSTW]*\)[ ][ ]*\([_A-Za-z][_A-Za-z0-9]*\)$/\1 \2 \2/p' | sed '/ __gnu_lto/d' \> conftest.nm
configure:6016: $? = 0
configure:6082: gcc -o conftest -g -O2   conftest.c conftstm.o >&5
configure:6085: $? = 0
configure:6123: result: ok
configure:6160: checking for sysroot
configure:6190: result: no
configure:6267: gcc -c -g -O2  conftest.c >&5
configure:6270: $? = 0
configure:6433: checking for mt
configure:6449: found /bin/mt
configure:6460: result: mt
configure:6483: checking if mt is a manifest tool
configure:6489: mt '-?'
configure:6497: result: no
configure:7129: checking how to run the C preprocessor
configure:7160: gcc -E  conftest.c
configure:7160: $? = 0
configure:7174: gcc -E  conftest.c
conftest.c:11:28: fatal error: ac_nonexistent.h: No such file or directory
compilation terminated.
configure:7174: $? = 1
configure: failed program was:
| /* confdefs.h */
| #define PACKAGE_NAME "libusbx"
| #define PACKAGE_TARNAME "libusbx"
| #define PACKAGE_VERSION "1.0.9"
| #define PACKAGE_STRING "libusbx 1.0.9"
| #define PACKAGE_BUGREPORT "libusbx-devel@lists.sourceforge.net"
| #define PACKAGE_URL "http://www.libusbx.org/"
| #define PACKAGE "libusbx"
| #define VERSION "1.0.9"
| /* end confdefs.h.  */
| #include <ac_nonexistent.h>
configure:7199: result: gcc -E
configure:7219: gcc -E  conftest.c
configure:7219: $? = 0
configure:7233: gcc -E  conftest.c
conftest.c:11:28: fatal error: ac_nonexistent.h: No such file or directory
compilation terminated.
configure:7233: $? = 1
configure: failed program was:
| /* confdefs.h */
| #define PACKAGE_NAME "libusbx"
| #define PACKAGE_TARNAME "libusbx"
| #define PACKAGE_VERSION "1.0.9"
| #define PACKAGE_STRING "libusbx 1.0.9"
| #define PACKAGE_BUGREPORT "libusbx-devel@lists.sourceforge.net"
| #define PACKAGE_URL "http://www.libusbx.org/"
| #define PACKAGE "libusbx"
| #define VERSION "1.0.9"
| /* end confdefs.h.  */
| #include <ac_nonexistent.h>
configure:7262: checking for ANSI C header files
configure:7282: gcc -c -g -O2  conftest.c >&5
configure:7282: $? = 0
configure:7355: gcc -o conftest -g -O2   conftest.c  >&5
configure:7355: $? = 0
configure:7355: ./conftest
configure:7355: $? = 0
configure:7366: result: yes
configure:7379: checking for sys/types.h
configure:7379: gcc -c -g -O2  conftest.c >&5
configure:7379: $? = 0
configure:7379: result: yes
configure:7379: checking for sys/stat.h
configure:7379: gcc -c -g -O2  conftest.c >&5
configure:7379: $? = 0
configure:7379: result: yes
configure:7379: checking for stdlib.h
configure:7379: gcc -c -g -O2  conftest.c >&5
configure:7379: $? = 0
configure:7379: result: yes
configure:7379: checking for string.h
configure:7379: gcc -c -g -O2  conftest.c >&5
configure:7379: $? = 0
configure:7379: result: yes
configure:7379: checking for memory.h
configure:7379: gcc -c -g -O2  conftest.c >&5
configure:7379: $? = 0
configure:7379: result: yes
configure:7379: checking for strings.h
configure:7379: gcc -c -g -O2  conftest.c >&5
configure:7379: $? = 0
configure:7379: result: yes
configure:7379: checking for inttypes.h
configure:7379: gcc -c -g -O2  conftest.c >&5
configure:7379: $? = 0
configure:7379: result: yes
configure:7379: checking for stdint.h
configure:7379: gcc -c -g -O2  conftest.c >&5
configure:7379: $? = 0
configure:7379: result: yes
configure:7379: checking for unistd.h
configure:7379: gcc -c -g -O2  conftest.c >&5
configure:7379: $? = 0
configure:7379: result: yes
configure:7393: checking for dlfcn.h
configure:7393: gcc -c -g -O2  conftest.c >&5
configure:7393: $? = 0
configure:7393: result: yes
configure:7580: checking for objdir
configure:7595: result: .libs
configure:7862: checking if gcc supports -fno-rtti -fno-exceptions
configure:7880: gcc -c -g -O2  -fno-rtti -fno-exceptions conftest.c >&5
cc1: warning: command line option '-fno-rtti' is valid for C++/ObjC++ but not for C [enabled by default]
configure:7884: $? = 0
configure:7897: result: no
configure:8207: checking for gcc option to produce PIC
configure:8214: result: -fPIC -DPIC
configure:8222: checking if gcc PIC flag -fPIC -DPIC works
configure:8240: gcc -c -g -O2  -fPIC -DPIC -DPIC conftest.c >&5
configure:8244: $? = 0
configure:8257: result: yes
configure:8286: checking if gcc static flag -static works
configure:8314: result: yes
configure:8329: checking if gcc supports -c -o file.o
configure:8350: gcc -c -g -O2  -o out/conftest2.o conftest.c >&5
configure:8354: $? = 0
configure:8376: result: yes
configure:8384: checking if gcc supports -c -o file.o
configure:8431: result: yes
configure:8464: checking whether the gcc linker (/usr/bin/ld -m elf_x86_64) supports shared libraries
configure:9622: result: yes
configure:9659: checking whether -lc should be explicitly linked in
configure:9667: gcc -c -g -O2  conftest.c >&5
configure:9670: $? = 0
configure:9685: gcc -shared  -fPIC -DPIC conftest.o  -v -Wl,-soname -Wl,conftest -o conftest 2\>\&1 \| /bin/grep  -lc  \>/dev/null 2\>\&1
configure:9688: $? = 0
configure:9702: result: no
configure:9867: checking dynamic linker characteristics
configure:10381: gcc -o conftest -g -O2   -Wl,-rpath -Wl,/foo conftest.c  >&5
configure:10381: $? = 0
configure:10603: result: GNU/Linux ld.so
configure:10710: checking how to hardcode library paths into programs
configure:10735: result: immediate
configure:11275: checking whether stripping libraries is possible
configure:11280: result: yes
configure:11315: checking if libtool supports shared libraries
configure:11317: result: yes
configure:11320: checking whether to build shared libraries
configure:11341: result: yes
configure:11344: checking whether to build static libraries
configure:11348: result: yes
configure:11426: checking for windres
configure:11456: result: no
configure:11560: checking for inline
configure:11576: gcc -c -g -O2  conftest.c >&5
configure:11576: $? = 0
configure:11584: result: inline
configure:11603: checking whether gcc and cc understand -c and -o together
configure:11634: gcc -c conftest.c -o conftest2.o >&5
configure:11638: $? = 0
configure:11644: gcc -c conftest.c -o conftest2.o >&5
configure:11648: $? = 0
configure:11659: cc -c conftest.c >&5
configure:11663: $? = 0
configure:11671: cc -c conftest.c -o conftest2.o >&5
configure:11675: $? = 0
configure:11681: cc -c conftest.c -o conftest2.o >&5
configure:11685: $? = 0
configure:11703: result: yes
configure:11734: checking operating system
configure:11742: result: Linux
configure:11745: checking for clock_gettime in -lrt
configure:11770: gcc -o conftest -g -O2   conftest.c -lrt   >&5
configure:11770: $? = 0
configure:11779: result: yes
configure:11790: checking poll.h usability
configure:11790: gcc -c -g -O2  conftest.c >&5
configure:11790: $? = 0
configure:11790: result: yes
configure:11790: checking poll.h presence
configure:11790: gcc -E  conftest.c
configure:11790: $? = 0
configure:11790: result: yes
configure:11790: checking for poll.h
configure:11790: result: yes
configure:11943: checking sys/timerfd.h usability
configure:11943: gcc -c -g -O2  conftest.c >&5
configure:11943: $? = 0
configure:11943: result: yes
configure:11943: checking sys/timerfd.h presence
configure:11943: gcc -E  conftest.c
configure:11943: $? = 0
configure:11943: result: yes
configure:11943: checking for sys/timerfd.h
configure:11943: result: yes
configure:11963: checking whether TFD_NONBLOCK is declared
configure:11963: gcc -c -g -O2  conftest.c >&5
configure:11963: $? = 0
configure:11963: result: yes
configure:11975: checking whether to use timerfd for timing
configure:11982: result: yes
configure:11993: checking for struct timespec
configure:11993: gcc -c -g -O2  conftest.c >&5
configure:11993: $? = 0
configure:11993: gcc -c -g -O2  conftest.c >&5
conftest.c: In function 'main':
conftest.c:65:30: error: expected expression before ')' token
configure:11993: $? = 1
configure: failed program was:
| /* confdefs.h */
| #define PACKAGE_NAME "libusbx"
| #define PACKAGE_TARNAME "libusbx"
| #define PACKAGE_VERSION "1.0.9"
| #define PACKAGE_STRING "libusbx 1.0.9"
| #define PACKAGE_BUGREPORT "libusbx-devel@lists.sourceforge.net"
| #define PACKAGE_URL "http://www.libusbx.org/"
| #define PACKAGE "libusbx"
| #define VERSION "1.0.9"
| #define STDC_HEADERS 1
| #define HAVE_SYS_TYPES_H 1
| #define HAVE_SYS_STAT_H 1
| #define HAVE_STDLIB_H 1
| #define HAVE_STRING_H 1
| #define HAVE_MEMORY_H 1
| #define HAVE_STRINGS_H 1
| #define HAVE_INTTYPES_H 1
| #define HAVE_STDINT_H 1
| #define HAVE_UNISTD_H 1
| #define HAVE_DLFCN_H 1
| #define LT_OBJDIR ".libs/"
| #define _GNU_SOURCE 1
| #define OS_LINUX 1
| #define HAVE_POLL_H 1
| #define POLL_NFDS_TYPE nfds_t
| #define THREADS_POSIX 1
| #define USBI_TIMERFD_AVAILABLE 1
| /* end confdefs.h.  */
| #include <stdio.h>
| #ifdef HAVE_SYS_TYPES_H
| # include <sys/types.h>
| #endif
| #ifdef HAVE_SYS_STAT_H
| # include <sys/stat.h>
| #endif
| #ifdef STDC_HEADERS
| # include <stdlib.h>
| # include <stddef.h>
| #else
| # ifdef HAVE_STDLIB_H
| #  include <stdlib.h>
| # endif
| #endif
| #ifdef HAVE_STRING_H
| # if !defined STDC_HEADERS && defined HAVE_MEMORY_H
| #  include <memory.h>
| # endif
| # include <string.h>
| #endif
| #ifdef HAVE_STRINGS_H
| # include <strings.h>
| #endif
| #ifdef HAVE_INTTYPES_H
| # include <inttypes.h>
| #endif
| #ifdef HAVE_STDINT_H
| # include <stdint.h>
| #endif
| #ifdef HAVE_UNISTD_H
| # include <unistd.h>
| #endif
| int
| main ()
| {
| if (sizeof ((struct timespec)))
| 	    return 0;
|   ;
|   return 0;
| }
configure:11993: result: yes
configure:12063: gcc -c -g -O2 -Werror -fvisibility=hidden  conftest.c >&5
configure:12063: $? = 0
configure:12091: gcc -c -g -O2 -Wno-pointer-sign  conftest.c >&5
configure:12091: $? = 0
configure:12100: checking for sigaction
configure:12100: gcc -o conftest -g -O2   conftest.c  -lrt -pthread >&5
configure:12100: $? = 0
configure:12100: result: yes
configure:12119: checking sys/time.h usability
configure:12119: gcc -c -g -O2  conftest.c >&5
configure:12119: $? = 0
configure:12119: result: yes
configure:12119: checking sys/time.h presence
configure:12119: gcc -E  conftest.c
configure:12119: $? = 0
configure:12119: result: yes
configure:12119: checking for sys/time.h
configure:12119: result: yes
configure:12310: creating ./config.status

## ---------------------- ##
## Running config.status. ##
## ---------------------- ##

This file was extended by libusbx config.status 1.0.9, which was
generated by GNU Autoconf 2.68.  Invocation command line was

  CONFIG_FILES    = 
  CONFIG_HEADERS  = 
  CONFIG_LINKS    = 
  CONFIG_COMMANDS = 
  $ ./config.status 

on lo52tp-VirtualBox

config.status:1177: creating libusb-1.0.pc
config.status:1177: creating Makefile
config.status:1177: creating libusb/Makefile
config.status:1177: creating examples/Makefile
config.status:1177: creating doc/Makefile
config.status:1177: creating doc/doxygen.cfg
config.status:1177: creating config.h
config.status:1406: executing depfiles commands
config.status:1406: executing libtool commands

## ---------------- ##
## Cache variables. ##
## ---------------- ##

ac_cv_build=x86_64-unknown-linux-gnu
ac_cv_c_compiler_gnu=yes
ac_cv_c_inline=inline
ac_cv_env_CC_set=
ac_cv_env_CC_value=
ac_cv_env_CFLAGS_set=
ac_cv_env_CFLAGS_value=
ac_cv_env_CPPFLAGS_set=
ac_cv_env_CPPFLAGS_value=
ac_cv_env_CPP_set=
ac_cv_env_CPP_value=
ac_cv_env_LDFLAGS_set=
ac_cv_env_LDFLAGS_value=
ac_cv_env_LIBS_set=
ac_cv_env_LIBS_value=
ac_cv_env_build_alias_set=
ac_cv_env_build_alias_value=
ac_cv_env_host_alias_set=
ac_cv_env_host_alias_value=
ac_cv_env_target_alias_set=
ac_cv_env_target_alias_value=
ac_cv_func_sigaction=yes
ac_cv_have_decl_TFD_NONBLOCK=yes
ac_cv_header_dlfcn_h=yes
ac_cv_header_inttypes_h=yes
ac_cv_header_memory_h=yes
ac_cv_header_poll_h=yes
ac_cv_header_stdc=yes
ac_cv_header_stdint_h=yes
ac_cv_header_stdlib_h=yes
ac_cv_header_string_h=yes
ac_cv_header_strings_h=yes
ac_cv_header_sys_stat_h=yes
ac_cv_header_sys_time_h=yes
ac_cv_header_sys_timerfd_h=yes
ac_cv_header_sys_types_h=yes
ac_cv_header_unistd_h=yes
ac_cv_host=x86_64-unknown-linux-gnu
ac_cv_lib_rt_clock_gettime=yes
ac_cv_objext=o
ac_cv_path_EGREP='/bin/grep -E'
ac_cv_path_FGREP='/bin/grep -F'
ac_cv_path_GREP=/bin/grep
ac_cv_path_SED=/bin/sed
ac_cv_path_install='/usr/bin/install -c'
ac_cv_path_mkdir=/bin/mkdir
ac_cv_prog_AWK=mawk
ac_cv_prog_CPP='gcc -E'
ac_cv_prog_ac_ct_AR=ar
ac_cv_prog_ac_ct_CC=gcc
ac_cv_prog_ac_ct_MANIFEST_TOOL=mt
ac_cv_prog_ac_ct_OBJDUMP=objdump
ac_cv_prog_ac_ct_RANLIB=ranlib
ac_cv_prog_ac_ct_STRIP=strip
ac_cv_prog_cc_c89=
ac_cv_prog_cc_g=yes
ac_cv_prog_cc_gcc_c_o=yes
ac_cv_prog_make_make_set=yes
ac_cv_type_struct_timespec=yes
am_cv_CC_dependencies_compiler_type=gcc3
lt_cv_ar_at_file=@
lt_cv_archive_cmds_need_lc=no
lt_cv_deplibs_check_method=pass_all
lt_cv_file_magic_cmd='$MAGIC_CMD'
lt_cv_file_magic_test_file=
lt_cv_ld_reload_flag=-r
lt_cv_nm_interface='BSD nm'
lt_cv_objdir=.libs
lt_cv_path_LD=/usr/bin/ld
lt_cv_path_NM='/usr/bin/nm -B'
lt_cv_path_mainfest_tool=no
lt_cv_prog_compiler_c_o=yes
lt_cv_prog_compiler_c_o_RC=yes
lt_cv_prog_compiler_pic='-fPIC -DPIC'
lt_cv_prog_compiler_pic_works=yes
lt_cv_prog_compiler_rtti_exceptions=no
lt_cv_prog_compiler_static_works=yes
lt_cv_prog_gnu_ld=yes
lt_cv_sharedlib_from_linklib_cmd='printf %s\n'
lt_cv_shlibpath_overrides_runpath=no
lt_cv_sys_global_symbol_pipe='sed -n -e '\''s/^.*[	 ]\([ABCDGIRSTW][ABCDGIRSTW]*\)[	 ][	 ]*\([_A-Za-z][_A-Za-z0-9]*\)$/\1 \2 \2/p'\'' | sed '\''/ __gnu_lto/d'\'''
lt_cv_sys_global_symbol_to_c_name_address='sed -n -e '\''s/^: \([^ ]*\)[ ]*$/  {\"\1\", (void *) 0},/p'\'' -e '\''s/^[ABCDGIRSTW]* \([^ ]*\) \([^ ]*\)$/  {"\2", (void *) \&\2},/p'\'''
lt_cv_sys_global_symbol_to_c_name_address_lib_prefix='sed -n -e '\''s/^: \([^ ]*\)[ ]*$/  {\"\1\", (void *) 0},/p'\'' -e '\''s/^[ABCDGIRSTW]* \([^ ]*\) \(lib[^ ]*\)$/  {"\2", (void *) \&\2},/p'\'' -e '\''s/^[ABCDGIRSTW]* \([^ ]*\) \([^ ]*\)$/  {"lib\2", (void *) \&\2},/p'\'''
lt_cv_sys_global_symbol_to_cdecl='sed -n -e '\''s/^T .* \(.*\)$/extern int \1();/p'\'' -e '\''s/^[ABCDGIRSTW]* .* \(.*\)$/extern char \1;/p'\'''
lt_cv_sys_max_cmd_len=1572864
lt_cv_to_host_file_cmd=func_convert_file_noop
lt_cv_to_tool_file_cmd=func_convert_file_noop

## ----------------- ##
## Output variables. ##
## ----------------- ##

ACLOCAL='${SHELL} /home/lo52tp/LO52_projet/Sources/linaro-ics-tp/device/utbm/anonymous/libusb-1.0.9/missing --run aclocal-1.11'
AMDEPBACKSLASH='\'
AMDEP_FALSE='#'
AMDEP_TRUE=''
AMTAR='${SHELL} /home/lo52tp/LO52_projet/Sources/linaro-ics-tp/device/utbm/anonymous/libusb-1.0.9/missing --run tar'
AM_BACKSLASH='\'
AM_CFLAGS='-std=gnu99 -Wall -Wundef -Wunused -Wstrict-prototypes -Werror-implicit-function-declaration -Wno-pointer-sign -Wshadow'
AM_DEFAULT_VERBOSITY='0'
AR='ar'
AUTOCONF='${SHELL} /home/lo52tp/LO52_projet/Sources/linaro-ics-tp/device/utbm/anonymous/libusb-1.0.9/missing --run autoconf'
AUTOHEADER='${SHELL} /home/lo52tp/LO52_projet/Sources/linaro-ics-tp/device/utbm/anonymous/libusb-1.0.9/missing --run autoheader'
AUTOMAKE='${SHELL} /home/lo52tp/LO52_projet/Sources/linaro-ics-tp/device/utbm/anonymous/libusb-1.0.9/missing --run automake-1.11'
AWK='mawk'
BUILD_EXAMPLES_FALSE=''
BUILD_EXAMPLES_TRUE='#'
CC='gcc'
CCDEPMODE='depmode=gcc3'
CFLAGS='-g -O2'
CPP='gcc -E'
CPPFLAGS=''
CYGPATH_W='echo'
DEFS='-DHAVE_CONFIG_H'
DEPDIR='.deps'
DLLTOOL='false'
DSYMUTIL=''
DUMPBIN=''
ECHO_C=''
ECHO_N='-n'
ECHO_T=''
EGREP='/bin/grep -E'
EXEEXT=''
FGREP='/bin/grep -F'
GREP='/bin/grep'
HAVE_SIGACTION_FALSE='#'
HAVE_SIGACTION_TRUE=''
INSTALL_DATA='${INSTALL} -m 644'
INSTALL_PROGRAM='${INSTALL}'
INSTALL_SCRIPT='${INSTALL}'
INSTALL_STRIP_PROGRAM='$(install_sh) -c -s'
LD='/usr/bin/ld -m elf_x86_64'
LDFLAGS=''
LIBOBJS=''
LIBS=' -lrt -pthread'
LIBTOOL='$(SHELL) $(top_builddir)/libtool'
LIPO=''
LN_S='ln -s'
LTLDFLAGS='-version-info 1:0:1 -no-undefined'
LTLIBOBJS=''
MAINT='#'
MAINTAINER_MODE_FALSE=''
MAINTAINER_MODE_TRUE='#'
MAKEINFO='${SHELL} /home/lo52tp/LO52_projet/Sources/linaro-ics-tp/device/utbm/anonymous/libusb-1.0.9/missing --run makeinfo'
MANIFEST_TOOL=':'
MKDIR_P='/bin/mkdir -p'
NM='/usr/bin/nm -B'
NMEDIT=''
OBJDUMP='objdump'
OBJEXT='o'
OS_DARWIN=''
OS_DARWIN_FALSE=''
OS_DARWIN_TRUE='#'
OS_LINUX=''
OS_LINUX_FALSE='#'
OS_LINUX_TRUE=''
OS_OPENBSD=''
OS_OPENBSD_FALSE=''
OS_OPENBSD_TRUE='#'
OS_WINDOWS=''
OS_WINDOWS_FALSE=''
OS_WINDOWS_TRUE='#'
OTOOL64=''
OTOOL=''
PACKAGE='libusbx'
PACKAGE_BUGREPORT='libusbx-devel@lists.sourceforge.net'
PACKAGE_NAME='libusbx'
PACKAGE_STRING='libusbx 1.0.9'
PACKAGE_TARNAME='libusbx'
PACKAGE_URL='http://www.libusbx.org/'
PACKAGE_VERSION='1.0.9'
PATH_SEPARATOR=':'
PC_LIBS_PRIVATE='-lrt -pthread'
RANLIB='ranlib'
RC=''
SED='/bin/sed'
SET_MAKE=''
SHELL='/bin/bash'
STRIP='strip'
THREADS_POSIX_FALSE='#'
THREADS_POSIX_TRUE=''
THREAD_CFLAGS='-pthread'
VERSION='1.0.9'
VISIBILITY_CFLAGS='-fvisibility=hidden'
ac_ct_AR='ar'
ac_ct_CC='gcc'
ac_ct_DUMPBIN=''
am__EXEEXT_FALSE=''
am__EXEEXT_TRUE='#'
am__fastdepCC_FALSE='#'
am__fastdepCC_TRUE=''
am__include='include'
am__isrc=''
am__leading_dot='.'
am__quote=''
am__tar='${AMTAR} chof - "$$tardir"'
am__untar='${AMTAR} xf -'
bindir='${exec_prefix}/bin'
build='x86_64-unknown-linux-gnu'
build_alias=''
build_cpu='x86_64'
build_os='linux-gnu'
build_vendor='unknown'
datadir='${datarootdir}'
datarootdir='${prefix}/share'
docdir='${datarootdir}/doc/${PACKAGE_TARNAME}'
dvidir='${docdir}'
exec_prefix='${prefix}'
host='x86_64-unknown-linux-gnu'
host_alias=''
host_cpu='x86_64'
host_os='linux-gnu'
host_vendor='unknown'
htmldir='${docdir}'
includedir='${prefix}/include'
infodir='${datarootdir}/info'
install_sh='${SHELL} /home/lo52tp/LO52_projet/Sources/linaro-ics-tp/device/utbm/anonymous/libusb-1.0.9/install-sh'
libdir='${exec_prefix}/lib'
libexecdir='${exec_prefix}/libexec'
localedir='${datarootdir}/locale'
localstatedir='${prefix}/var'
mandir='${datarootdir}/man'
mkdir_p='/bin/mkdir -p'
oldincludedir='/usr/include'
pdfdir='${docdir}'
prefix='/usr/local'
program_transform_name='s,x,x,'
psdir='${docdir}'
sbindir='${exec_prefix}/sbin'
sharedstatedir='${prefix}/com'
sysconfdir='${prefix}/etc'
target_alias=''

## ----------- ##
## confdefs.h. ##
## ----------- ##

/* confdefs.h */
#define PACKAGE_NAME "libusbx"
#define PACKAGE_TARNAME "libusbx"
#define PACKAGE_VERSION "1.0.9"
#define PACKAGE_STRING "libusbx 1.0.9"
#define PACKAGE_BUGREPORT "libusbx-devel@lists.sourceforge.net"
#define PACKAGE_URL "http://www.libusbx.org/"
#define PACKAGE "libusbx"
#define VERSION "1.0.9"
#define STDC_HEADERS 1
#define HAVE_SYS_TYPES_H 1
#define HAVE_SYS_STAT_H 1
#define HAVE_STDLIB_H 1
#define HAVE_STRING_H 1
#define HAVE_MEMORY_H 1
#define HAVE_STRINGS_H 1
#define HAVE_INTTYPES_H 1
#define HAVE_STDINT_H 1
#define HAVE_UNISTD_H 1
#define HAVE_DLFCN_H 1
#define LT_OBJDIR ".libs/"
#define _GNU_SOURCE 1
#define OS_LINUX 1
#define HAVE_POLL_H 1
#define POLL_NFDS_TYPE nfds_t
#define THREADS_POSIX 1
#define USBI_TIMERFD_AVAILABLE 1
#define HAVE_STRUCT_TIMESPEC 1
#define ENABLE_LOGGING 1
#define DEFAULT_VISIBILITY __attribute__((visibility("default")))
#define HAVE_SYS_TIME_H 1

configure: exit 0
